<?xml version="1.0" encoding="UTF-8"?>
<!-- Generated by org.testng.reporters.JUnitXMLReporter -->
<testsuite ignored="0" hostname="Varalakshmis-MacBook-Air.local" failures="1" tests="2" name="Sause Test on Chrome" time="15.376" errors="0" timestamp="2023-03-18T16:27:42 GMT-04:00">
  <testcase classname="SauseLabsTestExecution.SauseLabsTestExecution.SauseTest" name="@AfterMethod tearDown" time="0.001">
    <failure type="java.lang.NullPointerException" message="Cannot invoke &amp;quot;org.openqa.selenium.WebDriver.quit()&amp;quot; because &amp;quot;this.driver&amp;quot; is null">
      <![CDATA[java.lang.NullPointerException: Cannot invoke "org.openqa.selenium.WebDriver.quit()" because "this.driver" is null
at SauseLabsTestExecution.SauseLabsTestExecution.SauseTest.tearDown(SauseTest.java:66)
at java.base/java.util.ArrayList.forEach(ArrayList.java:1511)
... Removed 32 stack frames]]>
    </failure>
  </testcase> <!-- @AfterMethod tearDown -->
  <testcase classname="SauseLabsTestExecution.SauseLabsTestExecution.SauseTest" name="@BeforeMethod setUp" time="0.0">
    <skipped/>
  </testcase> <!-- @BeforeMethod setUp -->
  <testcase classname="SauseLabsTestExecution.SauseLabsTestExecution.SauseTest" name="@AfterMethod tearDown" time="0.0">
    <failure type="java.lang.NullPointerException" message="Cannot invoke &amp;quot;org.openqa.selenium.WebDriver.quit()&amp;quot; because &amp;quot;this.driver&amp;quot; is null">
      <![CDATA[java.lang.NullPointerException: Cannot invoke "org.openqa.selenium.WebDriver.quit()" because "this.driver" is null
at SauseLabsTestExecution.SauseLabsTestExecution.SauseTest.tearDown(SauseTest.java:66)
at java.base/java.util.ArrayList.forEach(ArrayList.java:1511)
... Removed 32 stack frames]]>
    </failure>
  </testcase> <!-- @AfterMethod tearDown -->
  <testcase classname="SauseLabsTestExecution.SauseLabsTestExecution.SauseTest" name="checkInventoryItemTest" time="0.008">
    <failure type="java.lang.NullPointerException" message="Cannot invoke &amp;quot;org.openqa.selenium.WebDriver.get(String)&amp;quot; because &amp;quot;this.driver&amp;quot; is null">
      <![CDATA[java.lang.NullPointerException: Cannot invoke "org.openqa.selenium.WebDriver.get(String)" because "this.driver" is null
at SauseLabsTestExecution.SauseLabsTestExecution.SauseTest.login(SauseTest.java:72)
at SauseLabsTestExecution.SauseLabsTestExecution.SauseTest.checkInventoryItemTest(SauseTest.java:81)
at java.base/java.util.ArrayList.forEach(ArrayList.java:1511)
... Removed 27 stack frames]]>
    </failure>
  </testcase> <!-- checkInventoryItemTest -->
  <testcase classname="SauseLabsTestExecution.SauseLabsTestExecution.SauseTest" name="checkAddToCart" time="0.0">
    <skipped/>
  </testcase> <!-- checkAddToCart -->
</testsuite> <!-- Sause Test on Chrome -->
